[22:47:15] [main/INFO]: Environment: authHost='https://authserver.mojang.com', accountsHost='https://api.mojang.com', sessionHost='https://sessionserver.mojang.com', servicesHost='https://api.minecraftservices.com', name='PROD'
[22:47:17] [main/WARN]: Ambiguity between arguments [teleport, destination] and [teleport, targets] with inputs: [Player, 0123, @e, dd12be42-52a9-4a91-a8a1-11c01849e498]
[22:47:17] [main/WARN]: Ambiguity between arguments [teleport, location] and [teleport, destination] with inputs: [0.1 -0.5 .9, 0 0 0]
[22:47:17] [main/WARN]: Ambiguity between arguments [teleport, location] and [teleport, targets] with inputs: [0.1 -0.5 .9, 0 0 0]
[22:47:17] [main/WARN]: Ambiguity between arguments [teleport, targets] and [teleport, destination] with inputs: [Player, 0123, dd12be42-52a9-4a91-a8a1-11c01849e498]
[22:47:17] [main/WARN]: Ambiguity between arguments [teleport, targets, location] and [teleport, targets, destination] with inputs: [0.1 -0.5 .9, 0 0 0]
[22:47:17] [main/INFO]: Reloading ResourceManager: Default
[22:47:19] [Worker-Main-12/INFO]: Loaded 7 recipes
[22:47:20] [Worker-Main-12/INFO]: Loaded 927 advancements
[22:47:23] [Server thread/INFO]: Starting minecraft server version 1.16.4
[22:47:23] [Server thread/INFO]: Loading properties
[22:47:23] [Server thread/INFO]: Default game type: SURVIVAL
[22:47:23] [Server thread/INFO]: Generating keypair
[22:47:23] [Server thread/INFO]: Starting Minecraft server on *:25565
[22:47:23] [Server thread/INFO]: Using default channel type
[22:47:29] [Server thread/INFO]: Preparing level "world"
[22:47:48] [Server thread/INFO]: Preparing start region for dimension minecraft:overworld
[22:47:48] [Worker-Main-14/INFO]: Preparing spawn area: 0%
[22:47:49] [Worker-Main-14/INFO]: Preparing spawn area: 0%
[22:47:49] [Worker-Main-11/INFO]: Preparing spawn area: 0%
[22:47:50] [Worker-Main-11/INFO]: Preparing spawn area: 0%
[22:47:50] [Worker-Main-14/INFO]: Preparing spawn area: 0%
[22:47:51] [Worker-Main-9/INFO]: Preparing spawn area: 1%
[22:47:51] [Worker-Main-10/INFO]: Preparing spawn area: 2%
[22:47:52] [Worker-Main-8/INFO]: Preparing spawn area: 2%
[22:47:52] [Worker-Main-11/INFO]: Preparing spawn area: 4%
[22:47:53] [Worker-Main-8/INFO]: Preparing spawn area: 4%
[22:47:53] [Worker-Main-9/INFO]: Preparing spawn area: 7%
[22:47:54] [Worker-Main-15/INFO]: Preparing spawn area: 7%
[22:47:54] [Worker-Main-16/INFO]: Preparing spawn area: 11%
[22:47:55] [Worker-Main-15/INFO]: Preparing spawn area: 11%
[22:47:55] [Worker-Main-14/INFO]: Preparing spawn area: 16%
[22:47:56] [Worker-Main-8/INFO]: Preparing spawn area: 17%
[22:47:56] [Worker-Main-10/INFO]: Preparing spawn area: 17%
[22:47:57] [Worker-Main-14/INFO]: Preparing spawn area: 23%
[22:47:57] [Worker-Main-8/INFO]: Preparing spawn area: 23%
[22:47:58] [Worker-Main-8/INFO]: Preparing spawn area: 23%
[22:47:58] [Worker-Main-16/INFO]: Preparing spawn area: 32%
[22:47:59] [Worker-Main-10/INFO]: Preparing spawn area: 34%
[22:47:59] [Worker-Main-8/INFO]: Preparing spawn area: 35%
[22:48:00] [Worker-Main-9/INFO]: Preparing spawn area: 35%
[22:48:00] [Worker-Main-14/INFO]: Preparing spawn area: 42%
[22:48:01] [Worker-Main-14/INFO]: Preparing spawn area: 44%
[22:48:01] [Worker-Main-8/INFO]: Preparing spawn area: 44%
[22:48:02] [Worker-Main-9/INFO]: Preparing spawn area: 47%
[22:48:02] [Worker-Main-10/INFO]: Preparing spawn area: 52%
[22:48:03] [Worker-Main-8/INFO]: Preparing spawn area: 55%
[22:48:03] [Worker-Main-14/INFO]: Preparing spawn area: 57%
[22:48:04] [Worker-Main-15/INFO]: Preparing spawn area: 60%
[22:48:04] [Worker-Main-16/INFO]: Preparing spawn area: 62%
[22:48:05] [Worker-Main-14/INFO]: Preparing spawn area: 66%
[22:48:05] [Worker-Main-9/INFO]: Preparing spawn area: 69%
[22:48:06] [Worker-Main-16/INFO]: Preparing spawn area: 71%
[22:48:06] [Worker-Main-10/INFO]: Preparing spawn area: 73%
[22:48:07] [Worker-Main-16/INFO]: Preparing spawn area: 75%
[22:48:07] [Worker-Main-14/INFO]: Preparing spawn area: 77%
[22:48:08] [Worker-Main-10/INFO]: Preparing spawn area: 81%
[22:48:08] [Worker-Main-8/INFO]: Preparing spawn area: 83%
[22:48:09] [Worker-Main-16/INFO]: Preparing spawn area: 86%
[22:48:09] [Worker-Main-8/INFO]: Preparing spawn area: 89%
[22:48:11] [Worker-Main-9/INFO]: Preparing spawn area: 91%
[22:48:11] [Worker-Main-14/INFO]: Preparing spawn area: 91%
[22:48:11] [Worker-Main-15/INFO]: Preparing spawn area: 96%
[22:48:11] [Server thread/INFO]: Time elapsed: 22856 ms
[22:48:11] [Server thread/INFO]: Done (42.038s)! For help, type "help"
[22:49:54] [Server thread/INFO]: /advancement (grant|revoke)
[22:49:54] [Server thread/INFO]: /attribute <target> <attribute> (base|get|modifier)
[22:49:54] [Server thread/INFO]: /ban <targets> [<reason>]
[22:49:54] [Server thread/INFO]: /ban-ip <target> [<reason>]
[22:49:54] [Server thread/INFO]: /banlist [ips|players]
[22:49:54] [Server thread/INFO]: /bossbar (add|get|list|remove|set)
[22:49:54] [Server thread/INFO]: /clear [<targets>]
[22:49:54] [Server thread/INFO]: /clone <begin> <end> <destination> [filtered|masked|replace]
[22:49:54] [Server thread/INFO]: /data (get|merge|modify|remove)
[22:49:54] [Server thread/INFO]: /datapack (disable|enable|list)
[22:49:54] [Server thread/INFO]: /debug (report|start|stop)
[22:49:54] [Server thread/INFO]: /defaultgamemode (adventure|creative|spectator|survival)
[22:49:54] [Server thread/INFO]: /deop <targets>
[22:49:54] [Server thread/INFO]: /difficulty [easy|hard|normal|peaceful]
[22:49:54] [Server thread/INFO]: /effect (clear|give)
[22:49:54] [Server thread/INFO]: /enchant <targets> <enchantment> [<level>]
[22:49:54] [Server thread/INFO]: /execute (align|anchored|as|at|facing|if|in|positioned|rotated|run|store|unless)
[22:49:54] [Server thread/INFO]: /experience (add|query|set)
[22:49:54] [Server thread/INFO]: /fill <from> <to> <block> [destroy|hollow|keep|outline|replace]
[22:49:54] [Server thread/INFO]: /forceload (add|query|remove)
[22:49:54] [Server thread/INFO]: /function <name>
[22:49:54] [Server thread/INFO]: /gamemode (adventure|creative|spectator|survival)
[22:49:54] [Server thread/INFO]: /gamerule (announceAdvancements|commandBlockOutput|disableElytraMovementCheck|disableRaids|doDaylightCycle|doEntityDrops|doFireTick|doImmediateRespawn|doInsomnia|doLimitedCrafting|doMobLoot|doMobSpawning|doPatrolSpawning|doTileDrops|doTraderSpawning|doWeatherCycle|drowningDamage|fallDamage|fireDamage|forgiveDeadPlayers|keepInventory|logAdminCommands|maxCommandChainLength|maxEntityCramming|mobGriefing|naturalRegeneration|randomTickSpeed|reducedDebugInfo|sendCommandFeedback|showDeathMessages|spawnRadius|spectatorsGenerateChunks|universalAnger)
[22:49:54] [Server thread/INFO]: /give <targets> <item> [<count>]
[22:49:54] [Server thread/INFO]: /help [<command>]
[22:49:54] [Server thread/INFO]: /kick <targets> [<reason>]
[22:49:54] [Server thread/INFO]: /kill [<targets>]
[22:49:54] [Server thread/INFO]: /list [uuids]
[22:49:54] [Server thread/INFO]: /locate (bastion_remnant|buried_treasure|desert_pyramid|endcity|fortress|igloo|jungle_pyramid|mansion|mineshaft|monument|nether_fossil|ocean_ruin|pillager_outpost|ruined_portal|shipwreck|stronghold|swamp_hut|village)
[22:49:54] [Server thread/INFO]: /locatebiome <biome>
[22:49:54] [Server thread/INFO]: /loot (give|insert|replace|spawn)
[22:49:54] [Server thread/INFO]: /me <action>
[22:49:54] [Server thread/INFO]: /msg <targets> <message>
[22:49:54] [Server thread/INFO]: /op <targets>
[22:49:54] [Server thread/INFO]: /pardon <targets>
[22:49:54] [Server thread/INFO]: /pardon-ip <target>
[22:49:54] [Server thread/INFO]: /particle <name> [<pos>]
[22:49:54] [Server thread/INFO]: /playsound <sound> (ambient|block|hostile|master|music|neutral|player|record|voice|weather)
[22:49:54] [Server thread/INFO]: /recipe (give|take)
[22:49:54] [Server thread/INFO]: /reload
[22:49:54] [Server thread/INFO]: /replaceitem (block|entity)
[22:49:54] [Server thread/INFO]: /save-all [flush]
[22:49:54] [Server thread/INFO]: /save-off
[22:49:54] [Server thread/INFO]: /save-on
[22:49:54] [Server thread/INFO]: /say <message>
[22:49:54] [Server thread/INFO]: /schedule (clear|function)
[22:49:54] [Server thread/INFO]: /scoreboard (objectives|players)
[22:49:54] [Server thread/INFO]: /seed
[22:49:54] [Server thread/INFO]: /setblock <pos> <block> [destroy|keep|replace]
[22:49:54] [Server thread/INFO]: /setidletimeout <minutes>
[22:49:54] [Server thread/INFO]: /setworldspawn [<pos>]
[22:49:54] [Server thread/INFO]: /spawnpoint [<targets>]
[22:49:54] [Server thread/INFO]: /spectate [<target>]
[22:49:54] [Server thread/INFO]: /spreadplayers <center> <spreadDistance> <maxRange> (under|<respectTeams>)
[22:49:54] [Server thread/INFO]: /stop
[22:49:54] [Server thread/INFO]: /stopsound <targets> [*|ambient|block|hostile|master|music|neutral|player|record|voice|weather]
[22:49:54] [Server thread/INFO]: /summon <entity> [<pos>]
[22:49:54] [Server thread/INFO]: /tag <targets> (add|list|remove)
[22:49:54] [Server thread/INFO]: /team (add|empty|join|leave|list|modify|remove)
[22:49:54] [Server thread/INFO]: /teammsg <message>
[22:49:54] [Server thread/INFO]: /teleport (<destination>|<location>|<targets>)
[22:49:54] [Server thread/INFO]: /tell -> msg
[22:49:54] [Server thread/INFO]: /tellraw <targets> <message>
[22:49:54] [Server thread/INFO]: /time (add|query|set)
[22:49:54] [Server thread/INFO]: /title <targets> (actionbar|clear|reset|subtitle|times|title)
[22:49:54] [Server thread/INFO]: /tm -> teammsg
[22:49:54] [Server thread/INFO]: /tp -> teleport
[22:49:54] [Server thread/INFO]: /trigger <objective> [add|set]
[22:49:54] [Server thread/INFO]: /w -> msg
[22:49:54] [Server thread/INFO]: /weather (clear|rain|thunder)
[22:49:54] [Server thread/INFO]: /whitelist (add|list|off|on|reload|remove)
[22:49:54] [Server thread/INFO]: /worldborder (add|center|damage|get|set|warning)
[22:49:54] [Server thread/INFO]: /xp -> experience
[22:50:38] [Server thread/INFO]: Unknown or incomplete command, see below for error
[22:50:38] [Server thread/INFO]: ipconfig<--[HERE]
[22:53:14] [Server thread/WARN]: Can't keep up! Is the server overloaded? Running 3319ms or 66 ticks behind
[22:54:15] [User Authenticator #1/INFO]: UUID of player Wee_Boo is cc362e12-1f0e-4611-b202-82125c6e2830
[22:54:15] [Server thread/INFO]: Wee_Boo[/192.168.0.85:15199] logged in with entity id 325 at (0.5, 64.0, -51.5)
[22:54:15] [Server thread/INFO]: Wee_Boo joined the game
[22:54:37] [Server thread/INFO]: <Wee_Boo> cm
[22:54:43] [Server thread/INFO]: Wee_Boo lost connection: Disconnected
[22:54:43] [Server thread/INFO]: Wee_Boo left the game
